#
# There is insufficient memory for the Java Runtime Environment to continue.
# Native memory allocation (malloc) failed to allocate 1048576 bytes for AllocateHeap
# Possible reasons:
#   The system is out of physical RAM or swap space
#   In 32 bit mode, the process size limit was hit
# Possible solutions:
#   Reduce memory load on the system
#   Increase physical memory or swap space
#   Check if swap backing store is full
#   Use 64 bit Java on a 64 bit OS
#   Decrease Java heap size (-Xmx/-Xms)
#   Decrease number of Java threads
#   Decrease Java thread stack sizes (-Xss)
#   Set larger code cache with -XX:ReservedCodeCacheSize=
# This output file may be truncated or incomplete.
#
#  Out of Memory Error (memory/allocation.inline.hpp:61), pid=16856, tid=0x000000000000158c
#
# JRE version:  (8.0_181-b13) (build )
# Java VM: Java HotSpot(TM) 64-Bit Server VM (25.181-b13 mixed mode windows-amd64 compressed oops)
# Failed to write core dump. Minidumps are not enabled by default on client versions of Windows
#

---------------  T H R E A D  ---------------

Current thread (0x0000000002de3800):  JavaThread "Unknown thread" [_thread_in_vm, id=5516, stack(0x0000000002b20000,0x0000000002c20000)]

Stack: [0x0000000002b20000,0x0000000002c20000]
[error occurred during error reporting (printing stack bounds), id 0xc0000005]

Native frames: (J=compiled Java code, j=interpreted, Vv=VM code, C=native code)


---------------  P R O C E S S  ---------------

Java Threads: ( => current thread )

Other Threads:

=>0x0000000002de3800 (exited) JavaThread "Unknown thread" [_thread_in_vm, id=5516, stack(0x0000000002b20000,0x0000000002c20000)]

VM state:not at safepoint (normal execution)

VM Mutex/Monitor currently owned by a thread: None

Heap:
 PSYoungGen      total 37888K, used 655K [0x00000000d6200000, 0x00000000d8c00000, 0x0000000100000000)
  eden space 32768K, 2% used [0x00000000d6200000,0x00000000d62a3d80,0x00000000d8200000)
  from space 5120K, 0% used [0x00000000d8700000,0x00000000d8700000,0x00000000d8c00000)
  to   space 5120K, 0% used [0x00000000d8200000,0x00000000d8200000,0x00000000d8700000)
 ParOldGen       total 86016K, used 0K [0x0000000082600000, 0x0000000087a00000, 0x00000000d6200000)
  object space 86016K, 0% used [0x0000000082600000,0x0000000082600000,0x0000000087a00000)
 Metaspace       used 775K, capacity 4480K, committed 4480K, reserved 1056768K
  class space    used 76K, capacity 384K, committed 384K, reserved 1048576K

Card table byte_map: [0x0000000012390000,0x0000000012780000] byte_map_base: 0x0000000011f7d000

Marking Bits: (ParMarkBitMap*) 0x000000006fbc2d00
 Begin Bits: [0x0000000012e20000, 0x0000000014d88000)
 End Bits:   [0x0000000014d88000, 0x0000000016cf0000)

Polling page: 0x0000000002c20000

CodeCache: size=245760Kb used=328Kb max_used=328Kb free=245431Kb
 bounds [0x0000000002fd0000, 0x0000000003240000, 0x0000000011fd0000]
 total_blobs=58 nmethods=0 adapters=38
 compilation: enabled

Compilation events (0 events):
No events

GC Heap History (0 events):
No events

Deoptimization events (0 events):
No events

Classes redefined (0 events):
No events

Internal exceptions (0 events):
No events

Events (10 events):
Event: 0.125 loading class java/lang/Short
Event: 0.125 loading class java/lang/Short done
Event: 0.125 loading class java/lang/Integer
Event: 0.126 loading class java/lang/Integer done
Event: 0.126 loading class java/lang/Long
Event: 0.126 loading class java/lang/Long done
Event: 0.127 loading class java/lang/NullPointerException
Event: 0.128 loading class java/lang/NullPointerException done
Event: 0.128 loading class java/lang/ArithmeticException
Event: 0.128 loading class java/lang/ArithmeticException done


Dynamic libraries:
0x00007ff683280000 - 0x00007ff6832b7000 	C:\Program Files\Java\jdk1.8.0_181\bin\java.exe
0x00007ffb4c940000 - 0x00007ffb4cb30000 	C:\WINDOWS\SYSTEM32\ntdll.dll
0x00007ffb4c460000 - 0x00007ffb4c512000 	C:\WINDOWS\System32\KERNEL32.DLL
0x00007ffb4a3d0000 - 0x00007ffb4a673000 	C:\WINDOWS\System32\KERNELBASE.dll
0x00007ffb4b550000 - 0x00007ffb4b5f3000 	C:\WINDOWS\System32\ADVAPI32.dll
0x00007ffb4b6e0000 - 0x00007ffb4b77e000 	C:\WINDOWS\System32\msvcrt.dll
0x00007ffb4b8a0000 - 0x00007ffb4b937000 	C:\WINDOWS\System32\sechost.dll
0x00007ffb4b780000 - 0x00007ffb4b8a0000 	C:\WINDOWS\System32\RPCRT4.dll
0x00007ffb4c750000 - 0x00007ffb4c8e4000 	C:\WINDOWS\System32\USER32.dll
0x00007ffb4a6e0000 - 0x00007ffb4a701000 	C:\WINDOWS\System32\win32u.dll
0x00007ffb4b360000 - 0x00007ffb4b386000 	C:\WINDOWS\System32\GDI32.dll
0x00007ffb49a80000 - 0x00007ffb49c14000 	C:\WINDOWS\System32\gdi32full.dll
0x00007ffb4a8d0000 - 0x00007ffb4a96e000 	C:\WINDOWS\System32\msvcp_win.dll
0x00007ffb49980000 - 0x00007ffb49a7a000 	C:\WINDOWS\System32\ucrtbase.dll
0x00007ffb2d880000 - 0x00007ffb2db05000 	C:\WINDOWS\WinSxS\amd64_microsoft.windows.common-controls_6595b64144ccf1df_6.0.18362.592_none_e6c0b1911312be02\COMCTL32.dll
0x00007ffb4b940000 - 0x00007ffb4bc76000 	C:\WINDOWS\System32\combase.dll
0x00007ffb4a970000 - 0x00007ffb4a9f0000 	C:\WINDOWS\System32\bcryptPrimitives.dll
0x00007ffb4af70000 - 0x00007ffb4af9e000 	C:\WINDOWS\System32\IMM32.DLL
0x000000006fc50000 - 0x000000006fd22000 	C:\Program Files\Java\jdk1.8.0_181\jre\bin\msvcr100.dll
0x000000006f3a0000 - 0x000000006fc42000 	C:\Program Files\Java\jdk1.8.0_181\jre\bin\server\jvm.dll
0x00007ffb4c8f0000 - 0x00007ffb4c8f8000 	C:\WINDOWS\System32\PSAPI.DLL
0x00007ffb283c0000 - 0x00007ffb283c9000 	C:\WINDOWS\SYSTEM32\WSOCK32.dll
0x00007ffb4b390000 - 0x00007ffb4b3ff000 	C:\WINDOWS\System32\WS2_32.dll
0x00007ffb43fc0000 - 0x00007ffb43fe4000 	C:\WINDOWS\SYSTEM32\WINMM.dll
0x00007ffb39750000 - 0x00007ffb3975a000 	C:\WINDOWS\SYSTEM32\VERSION.dll
0x00007ffb43f90000 - 0x00007ffb43fbd000 	C:\WINDOWS\SYSTEM32\WINMMBASE.dll
0x00007ffb4a880000 - 0x00007ffb4a8ca000 	C:\WINDOWS\System32\cfgmgr32.dll
0x0000000073c00000 - 0x0000000073c0f000 	C:\Program Files\Java\jdk1.8.0_181\jre\bin\verify.dll
0x000000006f370000 - 0x000000006f399000 	C:\Program Files\Java\jdk1.8.0_181\jre\bin\java.dll
0x000000006f340000 - 0x000000006f363000 	C:\Program Files\Java\jdk1.8.0_181\jre\bin\instrument.dll
0x000000006f320000 - 0x000000006f336000 	C:\Program Files\Java\jdk1.8.0_181\jre\bin\zip.dll

VM Arguments:
jvm_args: -javaagent:C:\Program Files\JetBrains\IntelliJ IDEA Community Edition 2018.2.3\lib\idea_rt.jar=50519:C:\Program Files\JetBrains\IntelliJ IDEA Community Edition 2018.2.3\bin -Dfile.encoding=UTF-8 
java_command: BruteForceDriver
java_class_path (initial): C:\Program Files\Java\jdk1.8.0_181\jre\lib\charsets.jar;C:\Program Files\Java\jdk1.8.0_181\jre\lib\deploy.jar;C:\Program Files\Java\jdk1.8.0_181\jre\lib\ext\access-bridge-64.jar;C:\Program Files\Java\jdk1.8.0_181\jre\lib\ext\cldrdata.jar;C:\Program Files\Java\jdk1.8.0_181\jre\lib\ext\dnsns.jar;C:\Program Files\Java\jdk1.8.0_181\jre\lib\ext\jaccess.jar;C:\Program Files\Java\jdk1.8.0_181\jre\lib\ext\jfxrt.jar;C:\Program Files\Java\jdk1.8.0_181\jre\lib\ext\localedata.jar;C:\Program Files\Java\jdk1.8.0_181\jre\lib\ext\nashorn.jar;C:\Program Files\Java\jdk1.8.0_181\jre\lib\ext\sunec.jar;C:\Program Files\Java\jdk1.8.0_181\jre\lib\ext\sunjce_provider.jar;C:\Program Files\Java\jdk1.8.0_181\jre\lib\ext\sunmscapi.jar;C:\Program Files\Java\jdk1.8.0_181\jre\lib\ext\sunpkcs11.jar;C:\Program Files\Java\jdk1.8.0_181\jre\lib\ext\zipfs.jar;C:\Program Files\Java\jdk1.8.0_181\jre\lib\javaws.jar;C:\Program Files\Java\jdk1.8.0_181\jre\lib\jce.jar;C:\Program Files\Java\jdk1.8.0_181\jre\lib\jfr.jar;C:\Program Files\Java\jdk1.8.0_181\jre\lib\jfxswt.jar;C:\Program Files\Java\jdk1.8.0_181\jre\lib\jsse.jar;C:\Program Files\Java\jdk1.8.0_181\jre\lib\management-agent.jar;C:\Program Files\Java\jdk1.8.0_181\jre\lib\plugin.jar;C:\Program Files\Java\jdk1.8.0_181\jre\lib\resources.jar;C:\Program Files\Java\jdk1.8.0_181\jre\lib\rt.jar;C:\Users\Student\IdeaProjects\Assignment3\out\production\BruteForceDriver;C:\Program Files\JetBrains\IntelliJ IDEA Community Edition 2018.2.3\lib\idea_rt.jar
Launcher Type: SUN_STANDARD

Environment Variables:
PATH=C:\Program Files (x86)\Common Files\Oracle\Java\javapath;C:\Program Files (x86)\NVIDIA Corporation\PhysX\Common;C:\WINDOWS\system32;C:\WINDOWS;C:\WINDOWS\System32\Wbem;C:\WINDOWS\System32\WindowsPowerShell\v1.0\;C:\WINDOWS\System32\OpenSSH\;C:\Program Files (x86)\Windows Kits\8.1\Windows Performance Toolkit\;C:\Program Files\dotnet\;C:\Program Files\Microsoft SQL Server\130\Tools\Binn\;C:\Program Files\Git\cmd;C:\Program Files\MySQL\MySQL Shell 8.0\bin\;C:\Users\Student\AppData\Local\Microsoft\WindowsApps;C:\Users\Student\AppData\Local\atom\bin;C:\Users\Student\AppData\Local\Microsoft\WindowsApps;C:\Users\Student\AppData\Local\Programs\Microsoft VS Code\bin;C:\Users\Student\AppData\Local\Programs\MiKTeX 2.9\miktex\bin\x64\;C:\Users\Student\AppData\Local\Pandoc\
USERNAME=Student
OS=Windows_NT
PROCESSOR_IDENTIFIER=Intel64 Family 6 Model 142 Stepping 9, GenuineIntel



---------------  S Y S T E M  ---------------

OS: Windows 10.0 , 64 bit Build 18362 (10.0.18362.329)

CPU:total 4 (initial active 4) (2 cores per cpu, 2 threads per core) family 6 model 142 stepping 9, cmov, cx8, fxsr, mmx, sse, sse2, sse3, ssse3, sse4.1, sse4.2, popcnt, avx, avx2, aes, clmul, erms, 3dnowpref, lzcnt, ht, tsc, tscinvbit, bmi1, bmi2, adx

Memory: 4k page, physical 8232136k(1348920k free), swap 13134124k(38624k free)

vm_info: Java HotSpot(TM) 64-Bit Server VM (25.181-b13) for windows-amd64 JRE (1.8.0_181-b13), built on Jul  7 2018 04:01:33 by "java_re" with MS VC++ 10.0 (VS2010)

time: Mon Feb 10 15:03:09 2020
elapsed time: 0 seconds (0d 0h 0m 0s)

